<?xml version="1.0" encoding="UTF-8"?>
<!-- Generated by org.testng.reporters.JUnitXMLReporter -->
<testsuite hostname="DESKTOP-O9IB4CJ" ignored="0" name="Default test" tests="4" failures="0" timestamp="01 mar 2019 01:54:58 GMT" time="1.112" errors="0">
  <testcase name="validarConexaoMySqlComSucesso" time="0.796" classname="br.com.bancodedados.testeMySQL"/>
  <testcase name="validarFecharConexaoMySqlComSucesso" time="0.019" classname="br.com.bancodedados.testeMySQL"/>
  <testcase name="validarConexaoPostgreComSucesso" time="0.189" classname="br.com.bancodedados.testePostgreSQL"/>
  <testcase name="validarFecharConexaoPostgreComSucesso" time="0.058" classname="br.com.bancodedados.testePostgreSQL"/>
</testsuite> <!-- Default test -->
